Looking for git in: git
Using git 2.11.0 from git
> git rev-parse --git-dir
Open repository: /var/www/html/symfony-8001/public/projet1/public/ProjetSiteEcommerce
> git status -z -u
> git symbolic-ref --short HEAD
> git rev-parse main
> git rev-parse --symbolic-full-name main@{u}
> git rev-list --left-right main...refs/remotes/origin/main
> git for-each-ref --sort -committerdate --format %(refname) %(objectname) %(*objectname)
> git remote --verbose
> git config --get commit.template
> git show --textconv :index.html
> git ls-files --stage -- /var/www/html/symfony-8001/public/projet1/public/ProjetSiteEcommerce/index.html
> git cat-file -s 1e8b300c9c06b7bf3cf46f44c763d8d0fab49cf9
> git check-ignore -v -z --stdin
> git check-ignore -v -z --stdin
> git show --textconv :ProjetSiteEcommerce/index.html
> git ls-files --stage -- /var/www/html/symfony-8001/public/projet1/public/ProjetSiteEcommerce/ProjetSiteEcommerce/index.html
> git status -z -u
